2025-05-29 10:54:19,880 - pyswarms.single.global_best - INFO - Optimize for 100 iters with {'c1': 0.5, 'c2': 0.3, 'w': 0.9}
2025-05-29 10:56:35,354 - pyswarms.single.global_best - INFO - Optimization finished | best cost: 0.029685811538774365, best pos: [1.00215206 1.71438866]
2025-05-29 11:01:31,125 - pyswarms.single.global_best - INFO - Optimize for 100 iters with {'c1': 0.5, 'c2': 0.3, 'w': 0.9}
2025-05-29 11:04:28,905 - pyswarms.single.global_best - INFO - Optimization finished | best cost: 0.01730509070269101, best pos: [6.36680244e+01 1.19763964e-02]
2025-05-29 11:11:01,848 - pyswarms.single.global_best - INFO - Optimize for 100 iters with {'c1': 0.5, 'c2': 0.3, 'w': 0.9}
2025-05-29 11:13:32,176 - pyswarms.single.global_best - INFO - Optimization finished | best cost: 0.01605522391045396, best pos: [2.44865914e+01 1.02446912e-02]
2025-05-29 11:16:34,609 - pyswarms.single.global_best - INFO - Optimize for 100 iters with {'c1': 0.5, 'c2': 0.3, 'w': 0.9}
2025-05-29 11:19:03,652 - pyswarms.single.global_best - INFO - Optimization finished | best cost: 0.016298607963496012, best pos: [2.27444891e+01 1.34241051e-02]
2025-05-29 11:26:33,491 - pyswarms.single.global_best - INFO - Optimize for 70 iters with {'c1': 1.6, 'c2': 1.8, 'w': 0.9}
2025-05-29 11:27:28,466 - pyswarms.single.global_best - INFO - Optimization finished | best cost: 0.013242181096558541, best pos: [0.51813227 0.09142113]
2025-05-29 11:29:13,416 - pyswarms.single.global_best - INFO - Optimize for 70 iters with {'c1': 1.6, 'c2': 1.8, 'w': 0.9}
2025-05-29 11:30:05,527 - pyswarms.single.global_best - INFO - Optimization finished | best cost: 0.017970678066520314, best pos: [1.16922544 0.36400448]
2025-05-29 11:33:54,178 - pyswarms.single.global_best - INFO - Optimize for 100 iters with {'c1': 1.6, 'c2': 1.8, 'w': 0.9}
2025-05-29 11:35:18,008 - pyswarms.single.global_best - INFO - Optimization finished | best cost: 0.015062541230369587, best pos: [0.21497512 0.03147688]
2025-05-29 11:41:14,957 - pyswarms.single.global_best - INFO - Optimize for 100 iters with {'c1': 1.6, 'c2': 1.8, 'w': 0.9}
2025-05-29 11:43:39,419 - pyswarms.single.global_best - INFO - Optimization finished | best cost: 0.014725177942464751, best pos: [5.46397915 0.0127485 ]
2025-05-29 11:45:48,234 - pyswarms.single.global_best - INFO - Optimize for 100 iters with {'c1': 1.6, 'c2': 1.8, 'w': 0.9}
2025-05-29 11:47:45,128 - pyswarms.single.global_best - INFO - Optimization finished | best cost: 0.015201701257027276, best pos: [1.41125882 0.08818894]
2025-05-29 11:50:48,571 - pyswarms.single.global_best - INFO - Optimize for 100 iters with {'c1': 1.6, 'c2': 1.8, 'w': 0.9}
2025-05-29 11:52:14,326 - pyswarms.single.global_best - INFO - Optimization finished | best cost: 0.019266528810451915, best pos: [1.1145553  0.56221652]
2025-05-29 11:53:31,110 - pyswarms.single.global_best - INFO - Optimize for 100 iters with {'c1': 1.6, 'c2': 1.8, 'w': 0.9}
2025-05-29 11:54:51,540 - pyswarms.single.global_best - INFO - Optimization finished | best cost: 0.01949079619639215, best pos: [23.6981695   0.05788464]
2025-05-29 12:01:07,410 - pyswarms.single.global_best - INFO - Optimize for 70 iters with {'c1': 1.6, 'c2': 1.8, 'w': 0.9}
2025-05-29 12:02:06,894 - pyswarms.single.global_best - INFO - Optimization finished | best cost: 0.01445827251125886, best pos: [2.6965818  0.02344734]
2025-05-29 12:02:57,095 - pyswarms.single.global_best - INFO - Optimize for 50 iters with {'c1': 1.6, 'c2': 1.8, 'w': 0.9}
2025-05-29 12:03:31,279 - pyswarms.single.global_best - INFO - Optimization finished | best cost: 0.017544195099875214, best pos: [0.9831486  0.37754028]
2025-05-29 12:04:55,390 - pyswarms.single.global_best - INFO - Optimize for 70 iters with {'c1': 1.6, 'c2': 1.8, 'w': 0.9}
2025-05-29 12:06:32,239 - pyswarms.single.global_best - INFO - Optimization finished | best cost: 0.014401812956268457, best pos: [0.65319089 0.0258362 ]
2025-05-29 12:07:32,739 - pyswarms.single.global_best - INFO - Optimize for 50 iters with {'c1': 1.6, 'c2': 1.8, 'w': 0.9}
2025-05-29 12:08:52,007 - pyswarms.single.global_best - INFO - Optimization finished | best cost: 0.01677110233201018, best pos: [0.91599699 0.33670352]
2025-05-29 19:32:03,138 - pyswarms.single.global_best - INFO - Optimize for 70 iters with {'c1': 1.6, 'c2': 1.8, 'w': 0.9}
2025-05-29 19:34:34,948 - pyswarms.single.global_best - INFO - Optimization finished | best cost: 0.016459254800870366, best pos: [9.06544429 0.03170406]
2025-05-29 19:36:24,364 - pyswarms.single.global_best - INFO - Optimize for 70 iters with {'c1': 1.6, 'c2': 1.8, 'w': 0.9}
2025-05-29 19:39:11,865 - pyswarms.single.global_best - INFO - Optimization finished | best cost: 0.013770220872804533, best pos: [0.99691175 0.04199832]
2025-05-29 19:51:37,855 - pyswarms.single.global_best - INFO - Optimize for 70 iters with {'c1': 1.6, 'c2': 1.8, 'w': 0.9}
2025-05-29 19:54:43,548 - pyswarms.single.global_best - INFO - Optimization finished | best cost: 0.02094192056500293, best pos: [4.86493168 0.12280042]
2025-05-29 19:58:22,952 - pyswarms.single.global_best - INFO - Optimize for 70 iters with {'c1': 1.6, 'c2': 1.8, 'w': 0.9}
2025-05-29 20:01:11,349 - pyswarms.single.global_best - INFO - Optimization finished | best cost: 0.01502856273841629, best pos: [0.06909481 0.17498878]
2025-05-29 20:08:03,525 - pyswarms.single.global_best - INFO - Optimize for 70 iters with {'c1': 1.6, 'c2': 1.8, 'w': 0.9}
2025-05-29 20:10:49,637 - pyswarms.single.global_best - INFO - Optimization finished | best cost: 0.012927731108131885, best pos: [1.66155341 0.09177904]
2025-05-29 20:31:06,037 - pyswarms.single.global_best - INFO - Optimize for 70 iters with {'c1': 1.6, 'c2': 1.8, 'w': 0.9}
2025-05-29 20:33:49,688 - pyswarms.single.global_best - INFO - Optimization finished | best cost: 0.012618839957444252, best pos: [6.89929356 0.01529533]
2025-05-29 20:38:36,811 - pyswarms.single.global_best - INFO - Optimize for 70 iters with {'c1': 1.6, 'c2': 1.8, 'w': 0.9}
2025-05-29 20:41:25,696 - pyswarms.single.global_best - INFO - Optimization finished | best cost: 0.015066646591344416, best pos: [0.33442799 0.39992902]
2025-05-29 20:44:08,966 - pyswarms.single.global_best - INFO - Optimize for 70 iters with {'c1': 1.6, 'c2': 1.8, 'w': 0.9}
2025-05-29 20:46:53,573 - pyswarms.single.global_best - INFO - Optimization finished | best cost: 0.016219970419171295, best pos: [2.23259941 0.08864201]
